<?xml version="1.0" encoding="UTF-8"?>
<testsuite xmlns:xsi="http://www.w3.org/2001/XMLSchema-instance" xsi:noNamespaceSchemaLocation="https://maven.apache.org/surefire/maven-surefire-plugin/xsd/surefire-test-report-3.0.xsd" version="3.0" name="com.yowits.banbu.ai.e2e.ChatE2ETest" time="1.651" tests="4" errors="0" skipped="0" failures="0">
  <properties>
[...]
</properties>
  <testcase name="e2e_streaming_with_schema_ok" classname="com.yowits.banbu.ai.e2e.ChatE2ETest" time="0.131">
    <system-out><![CDATA[&amp#27;[2m2026-03-10T13:16:04.712+08:00&amp#27;[0;39m &amp#27;[33m WARN&amp#27;[0;39m &amp#27;[35m60188&amp#27;[0;39m &amp#27;[2m---&amp#27;[0;39m &amp#27;[2m[ai-service] [           main]&amp#27;[0;39m &amp#27;[2m&amp#27;[0;39m&amp#27;[36mory$DuplicateJsonObjectContextCustomizer&amp#27;[0;39m &amp#27;[2m:&amp#27;[0;39m 

Found multiple occurrences of org.json.JSONObject on the class path:

	jar:file:/Users/hand/.m2/repository/org/json/json/20240303/json-20240303.jar!/org/json/JSONObject.class
	jar:file:/Users/hand/.m2/repository/com/vaadin/external/google/android-json/0.0.20131108.vaadin1/android-json-0.0.20131108.vaadin1.jar!/org/json/JSONObject.class

You may wish to exclude one of them to ensure predictable runtime behavior

&amp#27;[2m2026-03-10T13:16:04.719+08:00&amp#27;[0;39m &amp#27;[32m INFO&amp#27;[0;39m &amp#27;[35m60188&amp#27;[0;39m &amp#27;[2m---&amp#27;[0;39m &amp#27;[2m[ai-service] [           main]&amp#27;[0;39m &amp#27;[2m&amp#27;[0;39m&amp#27;[36mcom.yowits.banbu.ai.e2e.ChatE2ETest     &amp#27;[0;39m &amp#27;[2m:&amp#27;[0;39m Starting ChatE2ETest using Java 23.0.1 with PID 60188 (started by hand in /Users/hand/project/airouter)
&amp#27;[2m2026-03-10T13:16:04.720+08:00&amp#27;[0;39m &amp#27;[32m INFO&amp#27;[0;39m &amp#27;[35m60188&amp#27;[0;39m &amp#27;[2m---&amp#27;[0;39m &amp#27;[2m[ai-service] [           main]&amp#27;[0;39m &amp#27;[2m&amp#27;[0;39m&amp#27;[36mcom.yowits.banbu.ai.e2e.ChatE2ETest     &amp#27;[0;39m &amp#27;[2m:&amp#27;[0;39m No active profile set, falling back to 1 default profile: "default"
&amp#27;[2m2026-03-10T13:16:05.740+08:00&amp#27;[0;39m &amp#27;[32m INFO&amp#27;[0;39m &amp#27;[35m60188&amp#27;[0;39m &amp#27;[2m---&amp#27;[0;39m &amp#27;[2m[ai-service] [           main]&amp#27;[0;39m &amp#27;[2m&amp#27;[0;39m&amp#27;[36mo.s.b.a.e.web.EndpointLinksResolver     &amp#27;[0;39m &amp#27;[2m:&amp#27;[0;39m Exposing 2 endpoint(s) beneath base path '/actuator'
&amp#27;[2m2026-03-10T13:16:05.999+08:00&amp#27;[0;39m &amp#27;[32m INFO&amp#27;[0;39m &amp#27;[35m60188&amp#27;[0;39m &amp#27;[2m---&amp#27;[0;39m &amp#27;[2m[ai-service] [           main]&amp#27;[0;39m &amp#27;[2m&amp#27;[0;39m&amp#27;[36mo.s.b.web.embedded.netty.NettyWebServer &amp#27;[0;39m &amp#27;[2m:&amp#27;[0;39m Netty started on port 63434
&amp#27;[2m2026-03-10T13:16:06.014+08:00&amp#27;[0;39m &amp#27;[32m INFO&amp#27;[0;39m &amp#27;[35m60188&amp#27;[0;39m &amp#27;[2m---&amp#27;[0;39m &amp#27;[2m[ai-service] [           main]&amp#27;[0;39m &amp#27;[2m&amp#27;[0;39m&amp#27;[36mcom.yowits.banbu.ai.e2e.ChatE2ETest     &amp#27;[0;39m &amp#27;[2m:&amp#27;[0;39m Started ChatE2ETest in 1.417 seconds (process running for 3.162)
&amp#27;[2m2026-03-10T13:16:06.047+08:00&amp#27;[0;39m &amp#27;[31mERROR&amp#27;[0;39m &amp#27;[35m60188&amp#27;[0;39m &amp#27;[2m---&amp#27;[0;39m &amp#27;[2m[ai-service] [           main]&amp#27;[0;39m &amp#27;[2m&amp#27;[0;39m&amp#27;[36mi.n.r.d.DnsServerAddressStreamProviders &amp#27;[0;39m &amp#27;[2m:&amp#27;[0;39m Unable to load io.netty.resolver.dns.macos.MacOSDnsServerAddressStreamProvider, fallback to system defaults. This may result in incorrect DNS resolutions on MacOS. Check whether you have a dependency on 'io.netty:netty-resolver-dns-native-macos'. Use DEBUG level to see the full stack: java.lang.UnsatisfiedLinkError: failed to load the required native library
&amp#27;[2m2026-03-10T13:16:06.123+08:00&amp#27;[0;39m &amp#27;[32m INFO&amp#27;[0;39m &amp#27;[35m60188&amp#27;[0;39m &amp#27;[2m---&amp#27;[0;39m &amp#27;[2m[ai-service] [ctor-http-nio-4]&amp#27;[0;39m &amp#27;[2m&amp#27;[0;39m&amp#27;[36mc.y.banbu.ai.aspect.AccessLoggingFilter &amp#27;[0;39m &amp#27;[2m:&amp#27;[0;39m access method=POST uri=http://localhost:63434/ai/chat/stream
]]></system-out>
  </testcase>
  <testcase name="e2e_streaming_ok" classname="com.yowits.banbu.ai.e2e.ChatE2ETest" time="0.005">
    <system-out><![CDATA[&amp#27;[2m2026-03-10T13:16:06.153+08:00&amp#27;[0;39m &amp#27;[32m INFO&amp#27;[0;39m &amp#27;[35m60188&amp#27;[0;39m &amp#27;[2m---&amp#27;[0;39m &amp#27;[2m[ai-service] [ctor-http-nio-4]&amp#27;[0;39m &amp#27;[2m&amp#27;[0;39m&amp#27;[36mc.y.banbu.ai.aspect.AccessLoggingFilter &amp#27;[0;39m &amp#27;[2m:&amp#27;[0;39m access method=POST uri=http://localhost:63434/ai/chat/stream
]]></system-out>
  </testcase>
  <testcase name="health_up" classname="com.yowits.banbu.ai.e2e.ChatE2ETest" time="0.036">
    <system-out><![CDATA[&amp#27;[2m2026-03-10T13:16:06.158+08:00&amp#27;[0;39m &amp#27;[32m INFO&amp#27;[0;39m &amp#27;[35m60188&amp#27;[0;39m &amp#27;[2m---&amp#27;[0;39m &amp#27;[2m[ai-service] [ctor-http-nio-4]&amp#27;[0;39m &amp#27;[2m&amp#27;[0;39m&amp#27;[36mc.y.banbu.ai.aspect.AccessLoggingFilter &amp#27;[0;39m &amp#27;[2m:&amp#27;[0;39m access method=GET uri=http://localhost:63434/actuator/health
]]></system-out>
  </testcase>
  <testcase name="e2e_chat_rejects_stream_flag" classname="com.yowits.banbu.ai.e2e.ChatE2ETest" time="0.005">
    <system-out><![CDATA[&amp#27;[2m2026-03-10T13:16:06.194+08:00&amp#27;[0;39m &amp#27;[32m INFO&amp#27;[0;39m &amp#27;[35m60188&amp#27;[0;39m &amp#27;[2m---&amp#27;[0;39m &amp#27;[2m[ai-service] [ctor-http-nio-4]&amp#27;[0;39m &amp#27;[2m&amp#27;[0;39m&amp#27;[36mc.y.banbu.ai.aspect.AccessLoggingFilter &amp#27;[0;39m &amp#27;[2m:&amp#27;[0;39m access method=POST uri=http://localhost:63434/ai/chat
]]></system-out>
  </testcase>
</testsuite>