<?xml version="1.0" encoding="UTF-8"?>
<testsuite xmlns:xsi="http://www.w3.org/2001/XMLSchema-instance" xsi:noNamespaceSchemaLocation="https://maven.apache.org/surefire/maven-surefire-plugin/xsd/surefire-test-report-3.0.xsd" version="3.0" name="com.yowits.banbu.ai.e2e.ChatE2EKimiTest" time="7.581" tests="2" errors="0" skipped="0" failures="0">
  <properties>
[...]
</properties>
  <testcase name="kimi_nonstream_chat_ok" classname="com.yowits.banbu.ai.e2e.ChatE2EKimiTest" time="1.487">
    <system-out><![CDATA[13:27:19.794 [main] INFO org.springframework.test.context.support.AnnotationConfigContextLoaderUtils -- Could not detect default configuration classes for test class [com.yowits.banbu.ai.e2e.ChatE2EKimiTest]: ChatE2EKimiTest does not declare any static, non-private, non-final, nested classes annotated with @Configuration.
13:27:19.852 [main] INFO org.springframework.boot.test.context.SpringBootTestContextBootstrapper -- Found @SpringBootConfiguration com.yowits.banbu.ai.AiServiceApplication for test class com.yowits.banbu.ai.e2e.ChatE2EKimiTest
&amp#27;[2m2026-03-10T13:27:20.053+08:00&amp#27;[0;39m &amp#27;[33m WARN&amp#27;[0;39m &amp#27;[35m60503&amp#27;[0;39m &amp#27;[2m---&amp#27;[0;39m &amp#27;[2m[ai-service] [           main]&amp#27;[0;39m &amp#27;[2m&amp#27;[0;39m&amp#27;[36mory$DuplicateJsonObjectContextCustomizer&amp#27;[0;39m &amp#27;[2m:&amp#27;[0;39m 

Found multiple occurrences of org.json.JSONObject on the class path:

	jar:file:/Users/hand/.m2/repository/org/json/json/20240303/json-20240303.jar!/org/json/JSONObject.class
	jar:file:/Users/hand/.m2/repository/com/vaadin/external/google/android-json/0.0.20131108.vaadin1/android-json-0.0.20131108.vaadin1.jar!/org/json/JSONObject.class

You may wish to exclude one of them to ensure predictable runtime behavior

&amp#27;[2m2026-03-10T13:27:20.060+08:00&amp#27;[0;39m &amp#27;[32m INFO&amp#27;[0;39m &amp#27;[35m60503&amp#27;[0;39m &amp#27;[2m---&amp#27;[0;39m &amp#27;[2m[ai-service] [           main]&amp#27;[0;39m &amp#27;[2m&amp#27;[0;39m&amp#27;[36mc.yowits.banbu.ai.e2e.ChatE2EKimiTest   &amp#27;[0;39m &amp#27;[2m:&amp#27;[0;39m Starting ChatE2EKimiTest using Java 23.0.1 with PID 60503 (started by hand in /Users/hand/project/airouter)
&amp#27;[2m2026-03-10T13:27:20.061+08:00&amp#27;[0;39m &amp#27;[32m INFO&amp#27;[0;39m &amp#27;[35m60503&amp#27;[0;39m &amp#27;[2m---&amp#27;[0;39m &amp#27;[2m[ai-service] [           main]&amp#27;[0;39m &amp#27;[2m&amp#27;[0;39m&amp#27;[36mc.yowits.banbu.ai.e2e.ChatE2EKimiTest   &amp#27;[0;39m &amp#27;[2m:&amp#27;[0;39m No active profile set, falling back to 1 default profile: "default"
&amp#27;[2m2026-03-10T13:27:21.186+08:00&amp#27;[0;39m &amp#27;[31mERROR&amp#27;[0;39m &amp#27;[35m60503&amp#27;[0;39m &amp#27;[2m---&amp#27;[0;39m &amp#27;[2m[ai-service] [           main]&amp#27;[0;39m &amp#27;[2m&amp#27;[0;39m&amp#27;[36mi.n.r.d.DnsServerAddressStreamProviders &amp#27;[0;39m &amp#27;[2m:&amp#27;[0;39m Unable to load io.netty.resolver.dns.macos.MacOSDnsServerAddressStreamProvider, fallback to system defaults. This may result in incorrect DNS resolutions on MacOS. Check whether you have a dependency on 'io.netty:netty-resolver-dns-native-macos'. Use DEBUG level to see the full stack: java.lang.UnsatisfiedLinkError: failed to load the required native library
&amp#27;[2m2026-03-10T13:27:21.359+08:00&amp#27;[0;39m &amp#27;[32m INFO&amp#27;[0;39m &amp#27;[35m60503&amp#27;[0;39m &amp#27;[2m---&amp#27;[0;39m &amp#27;[2m[ai-service] [           main]&amp#27;[0;39m &amp#27;[2m&amp#27;[0;39m&amp#27;[36mo.s.b.a.e.web.EndpointLinksResolver     &amp#27;[0;39m &amp#27;[2m:&amp#27;[0;39m Exposing 2 endpoint(s) beneath base path '/actuator'
&amp#27;[2m2026-03-10T13:27:21.637+08:00&amp#27;[0;39m &amp#27;[32m INFO&amp#27;[0;39m &amp#27;[35m60503&amp#27;[0;39m &amp#27;[2m---&amp#27;[0;39m &amp#27;[2m[ai-service] [           main]&amp#27;[0;39m &amp#27;[2m&amp#27;[0;39m&amp#27;[36mo.s.b.web.embedded.netty.NettyWebServer &amp#27;[0;39m &amp#27;[2m:&amp#27;[0;39m Netty started on port 64497
&amp#27;[2m2026-03-10T13:27:21.648+08:00&amp#27;[0;39m &amp#27;[32m INFO&amp#27;[0;39m &amp#27;[35m60503&amp#27;[0;39m &amp#27;[2m---&amp#27;[0;39m &amp#27;[2m[ai-service] [           main]&amp#27;[0;39m &amp#27;[2m&amp#27;[0;39m&amp#27;[36mc.yowits.banbu.ai.e2e.ChatE2EKimiTest   &amp#27;[0;39m &amp#27;[2m:&amp#27;[0;39m Started ChatE2EKimiTest in 1.731 seconds (process running for 2.227)
&amp#27;[2m2026-03-10T13:27:22.208+08:00&amp#27;[0;39m &amp#27;[32m INFO&amp#27;[0;39m &amp#27;[35m60503&amp#27;[0;39m &amp#27;[2m---&amp#27;[0;39m &amp#27;[2m[ai-service] [ctor-http-nio-5]&amp#27;[0;39m &amp#27;[2m&amp#27;[0;39m&amp#27;[36mc.y.banbu.ai.aspect.AccessLoggingFilter &amp#27;[0;39m &amp#27;[2m:&amp#27;[0;39m access method=POST uri=http://localhost:64497/ai/chat
&amp#27;[2m2026-03-10T13:27:23.094+08:00&amp#27;[0;39m &amp#27;[32m INFO&amp#27;[0;39m &amp#27;[35m60503&amp#27;[0;39m &amp#27;[2m---&amp#27;[0;39m &amp#27;[2m[ai-service] [onPool-worker-1]&amp#27;[0;39m &amp#27;[2m&amp#27;[0;39m&amp#27;[36mc.yowits.banbu.ai.service.AiChatService &amp#27;[0;39m &amp#27;[2m:&amp#27;[0;39m ai_call tenant=t-e2e user=u-e2e scene=CONTRACT_SUMMARY provider=unknown model=moonshot-v1-8k costMs=802 status=OK
KIMI_NONSTREAM_DATA_SNIPPET: Kimi，智能助手，提供信息查询、日常建议，擅长中英文对话。
]]></system-out>
    <system-err><![CDATA[WARNING: A Java agent has been loaded dynamically (/Users/hand/.m2/repository/net/bytebuddy/byte-buddy-agent/1.14.13/byte-buddy-agent-1.14.13.jar)
WARNING: If a serviceability tool is in use, please run with -XX:+EnableDynamicAgentLoading to hide this warning
WARNING: If a serviceability tool is not in use, please run with -Djdk.instrument.traceUsage for more information
WARNING: Dynamic loading of agents will be disallowed by default in a future release
]]></system-err>
  </testcase>
  <testcase name="kimi_stream_chat_ok" classname="com.yowits.banbu.ai.e2e.ChatE2EKimiTest" time="4.134">
    <system-out><![CDATA[&amp#27;[2m2026-03-10T13:27:23.146+08:00&amp#27;[0;39m &amp#27;[32m INFO&amp#27;[0;39m &amp#27;[35m60503&amp#27;[0;39m &amp#27;[2m---&amp#27;[0;39m &amp#27;[2m[ai-service] [ctor-http-nio-5]&amp#27;[0;39m &amp#27;[2m&amp#27;[0;39m&amp#27;[36mc.y.banbu.ai.aspect.AccessLoggingFilter &amp#27;[0;39m &amp#27;[2m:&amp#27;[0;39m access method=POST uri=http://localhost:64497/ai/chat/stream
&amp#27;[2m2026-03-10T13:27:27.268+08:00&amp#27;[0;39m &amp#27;[32m INFO&amp#27;[0;39m &amp#27;[35m60503&amp#27;[0;39m &amp#27;[2m---&amp#27;[0;39m &amp#27;[2m[ai-service] [ctor-http-nio-5]&amp#27;[0;39m &amp#27;[2m&amp#27;[0;39m&amp#27;[36mc.yowits.banbu.ai.service.AiChatService &amp#27;[0;39m &amp#27;[2m:&amp#27;[0;39m ai_call tenant=t-e2e user=u-e2e scene=CONTRACT_SUMMARY provider=unknown model=moonshot-v1-8k costMs=4121 status=STREAM
]]></system-out>
  </testcase>
</testsuite>